"Start of log file."
"D:/Fix-Me/Fix Me/Assets/Resources/Robot Kyle/Model/Eye.max"
"Starting max loading and fbx conversion"
window = undefined
"Settings units"
"Before fbx export"
"After fbx export"
"Finished max loading and fbx conversion"
"D:/Fix-Me/Fix Me/Assets/Resources/Robot Kyle/Model/Arm.max"
"Starting max loading and fbx conversion"
window = undefined
"Settings units"
"Before fbx export"
"After fbx export"
"Finished max loading and fbx conversion"
"D:/Fix-Me/Fix Me/Assets/Resources/Robot Kyle/Model/Leg.max"
"Starting max loading and fbx conversion"
window = undefined
"Settings units"
"Before fbx export"
"After fbx export"
"Finished max loading and fbx conversion"
